<?xml version="1.0" encoding="UTF-8"?>
<robot generator="Robot 4.1.2 (Python 3.8.10 on linux)" generated="20211203 20:58:46.076" rpa="false" schemaversion="2">
<suite id="s1" name="Test-Script-00" source="/home/mon2/PycharmProjects/RobotTest/test-scripts/test-script-00.robot">
<test id="s1-t1" name="Open Google Search in Browser">
<kw name="Open Browser" library="SeleniumLibrary">
<arg>${URL}</arg>
<arg>${Browser}</arg>
<doc>Opens a new browser instance to the optional ``url``.</doc>
<msg timestamp="20211203 20:58:46.194" level="INFO">Opening browser 'Chrome' to base url 'http://www.google.com.au'.</msg>
<status status="PASS" starttime="20211203 20:58:46.193" endtime="20211203 20:58:48.699"/>
</kw>
<kw name="Click Element" library="SeleniumLibrary">
<arg>name:q</arg>
<doc>Click the element identified by ``locator``.</doc>
<msg timestamp="20211203 20:58:48.700" level="INFO">Clicking element 'name:q'.</msg>
<status status="PASS" starttime="20211203 20:58:48.700" endtime="20211203 20:58:48.745"/>
</kw>
<kw name="Input Text" library="SeleniumLibrary">
<arg>name:q</arg>
<arg>what is robot framework</arg>
<doc>Types the given ``text`` into the text field identified by ``locator``.</doc>
<msg timestamp="20211203 20:58:48.746" level="INFO">Typing text 'what is robot framework' into text field 'name:q'.</msg>
<status status="PASS" starttime="20211203 20:58:48.745" endtime="20211203 20:58:48.816"/>
</kw>
<kw name="Press Keys" library="SeleniumLibrary">
<arg>name:q</arg>
<arg>ENTER</arg>
<doc>Simulates the user pressing key(s) to an element or on the active browser.</doc>
<msg timestamp="20211203 20:58:48.816" level="INFO">Sending key(s) ('ENTER',) to name:q element.</msg>
<msg timestamp="20211203 20:58:49.089" level="INFO">Pressing special key ENTER to element.</msg>
<msg timestamp="20211203 20:58:49.089" level="INFO">Releasing special key ENTER.</msg>
<status status="PASS" starttime="20211203 20:58:48.816" endtime="20211203 20:58:50.494"/>
</kw>
<status status="PASS" starttime="20211203 20:58:46.193" endtime="20211203 20:58:50.494"/>
</test>
<doc>Suite description</doc>
<status status="PASS" starttime="20211203 20:58:46.077" endtime="20211203 20:58:50.495"/>
</suite>
<statistics>
<total>
<stat pass="1" fail="0" skip="0">All Tests</stat>
</total>
<tag>
</tag>
<suite>
<stat pass="1" fail="0" skip="0" id="s1" name="Test-Script-00">Test-Script-00</stat>
</suite>
</statistics>
<errors>
</errors>
</robot>
